TN:
SF:src\repository\mockCatalog.repository.ts
FN:5,create
FN:15,update
FN:22,delete
FN:25,findAll
FN:28,findOne
FNF:5
FNH:2
FNDA:1,create
FNDA:1,update
FNDA:0,delete
FNDA:0,findAll
FNDA:0,findOne
DA:1,1
DA:2,1
DA:3,1
DA:4,1
DA:5,1
DA:6,1
DA:7,1
DA:8,1
DA:9,1
DA:10,1
DA:11,1
DA:12,1
DA:13,1
DA:14,1
DA:15,1
DA:16,1
DA:17,1
DA:18,1
DA:19,1
DA:20,1
DA:21,1
DA:22,1
DA:23,0
DA:24,0
DA:25,1
DA:26,0
DA:27,0
DA:28,1
DA:29,0
DA:30,0
DA:31,1
LF:31
LH:25
BRDA:5,0,0,1
BRDA:15,1,0,1
BRF:2
BRH:2
end_of_record
TN:
SF:src\services\catalog.service.ts
FN:6,CatalogService
FN:9,createProduct
FN:16,updateProduct
FN:25,getProducts
FN:33,getProductById
FN:41,deleteProduct
FNF:6
FNH:6
FNDA:11,CatalogService
FNDA:3,createProduct
FNDA:2,updateProduct
FNDA:2,getProducts
FNDA:2,getProductById
FNDA:2,deleteProduct
DA:1,1
DA:2,1
DA:3,1
DA:4,1
DA:5,1
DA:6,1
DA:7,11
DA:8,11
DA:9,1
DA:10,3
DA:11,3
DA:12,0
DA:13,0
DA:14,1
DA:15,1
DA:16,1
DA:17,2
DA:18,2
DA:19,0
DA:20,0
DA:21,1
DA:22,1
DA:23,1
DA:24,1
DA:25,1
DA:26,2
DA:27,2
DA:28,0
DA:29,0
DA:30,1
DA:31,1
DA:32,1
DA:33,1
DA:34,2
DA:35,2
DA:36,0
DA:37,0
DA:38,1
DA:39,1
DA:40,1
DA:41,1
DA:42,2
DA:43,2
DA:44,0
DA:45,0
DA:46,1
DA:47,1
DA:48,1
LF:48
LH:38
BRDA:6,0,0,11
BRDA:9,1,0,3
BRDA:11,2,0,1
BRDA:11,3,0,0
BRDA:14,4,0,1
BRDA:16,5,0,2
BRDA:18,6,0,1
BRDA:18,7,0,0
BRDA:21,8,0,1
BRDA:25,9,0,2
BRDA:27,10,0,1
BRDA:27,11,0,0
BRDA:30,12,0,1
BRDA:33,13,0,2
BRDA:35,14,0,1
BRDA:35,15,0,0
BRDA:38,16,0,1
BRDA:41,17,0,2
BRDA:43,18,0,1
BRDA:43,19,0,0
BRDA:46,20,0,1
BRF:21
BRH:16
end_of_record
